<?xml version="1.0" encoding="utf-8"?>
<TestRun id="11a0bf5d-95c2-4995-a149-34efd6ee42d6" name="@Juis-Mac-mini 2025-10-08 23:10:41" xmlns="http://microsoft.com/schemas/VisualStudio/TeamTest/2010">
  <Times creation="2025-10-08T23:10:41.9690070+08:00" queuing="2025-10-08T23:10:41.9690080+08:00" start="2025-10-08T23:10:39.8916470+08:00" finish="2025-10-08T23:10:43.1093860+08:00" />
  <TestSettings name="default" id="111f5a83-e418-4085-b9ef-7e2211ca61b9">
    <Deployment runDeploymentRoot="_Juis-Mac-mini_2025-10-08_23_10_41" />
  </TestSettings>
  <Results>
    <UnitTestResult executionId="1d9b93b5-06ed-447e-84a9-4177891cb056" testId="552684f5-45be-6770-7429-247ed3d8e1fc" testName="WingedBean.Plugins.WebSocket.Tests.SuperSocketWebSocketServiceTests.MessageReceived_Event_CanBeSubscribed" computerName="Juis-Mac-mini" duration="00:00:00.0014377" startTime="2025-10-08T23:10:41.9941440+08:00" endTime="2025-10-08T23:10:41.9941440+08:00" testType="13cdc9d9-ddb5-4fa4-a97d-d965ccfc6d4b" outcome="Passed" testListId="8c84fa94-04c1-424b-9868-57a2d4851a1d" relativeResultsDirectory="1d9b93b5-06ed-447e-84a9-4177891cb056" />
    <UnitTestResult executionId="47e52451-9091-4c27-9743-8b967c620387" testId="8e373dac-f74e-291f-ae22-703d0b30024f" testName="WingedBean.Plugins.WebSocket.Tests.SuperSocketWebSocketServiceTests.Service_HasPluginAttribute" computerName="Juis-Mac-mini" duration="00:00:00.0023283" startTime="2025-10-08T23:10:40.7076050+08:00" endTime="2025-10-08T23:10:40.7076050+08:00" testType="13cdc9d9-ddb5-4fa4-a97d-d965ccfc6d4b" outcome="Passed" testListId="8c84fa94-04c1-424b-9868-57a2d4851a1d" relativeResultsDirectory="47e52451-9091-4c27-9743-8b967c620387" />
    <UnitTestResult executionId="46b93291-e7a4-4e6f-8fee-58bddff4a75f" testId="336d0e80-ef96-912f-e178-e5d5e20f5b3b" testName="WingedBean.Plugins.WebSocket.Tests.SuperSocketWebSocketServiceTests.SuperSocketWebSocketService_ImplementsIWebSocketService" computerName="Juis-Mac-mini" duration="00:00:00.0010856" startTime="2025-10-08T23:10:41.9965560+08:00" endTime="2025-10-08T23:10:41.9965560+08:00" testType="13cdc9d9-ddb5-4fa4-a97d-d965ccfc6d4b" outcome="Passed" testListId="8c84fa94-04c1-424b-9868-57a2d4851a1d" relativeResultsDirectory="46b93291-e7a4-4e6f-8fee-58bddff4a75f" />
    <UnitTestResult executionId="fe2a2654-3c1a-4d9a-877e-6bee75a885b1" testId="a0e0ed6c-0de8-5d9a-9df7-5164fef2c76a" testName="WingedBean.Plugins.WebSocket.Tests.SuperSocketWebSocketServiceTests.Start_ConfiguresServerWithPort" computerName="Juis-Mac-mini" duration="00:00:01.2841260" startTime="2025-10-08T23:10:41.9939600+08:00" endTime="2025-10-08T23:10:41.9939600+08:00" testType="13cdc9d9-ddb5-4fa4-a97d-d965ccfc6d4b" outcome="Passed" testListId="8c84fa94-04c1-424b-9868-57a2d4851a1d" relativeResultsDirectory="fe2a2654-3c1a-4d9a-877e-6bee75a885b1" />
    <UnitTestResult executionId="ed555501-5c75-44e8-8b66-626ba17f8b69" testId="93b7f348-7f79-4c65-3880-be317f63f35c" testName="WingedBean.Plugins.WebSocket.Tests.SuperSocketWebSocketServiceTests.Broadcast_DoesNotThrow_AfterStart" computerName="Juis-Mac-mini" duration="00:00:01.0887689" startTime="2025-10-08T23:10:43.0834840+08:00" endTime="2025-10-08T23:10:43.0834840+08:00" testType="13cdc9d9-ddb5-4fa4-a97d-d965ccfc6d4b" outcome="Passed" testListId="8c84fa94-04c1-424b-9868-57a2d4851a1d" relativeResultsDirectory="ed555501-5c75-44e8-8b66-626ba17f8b69" />
    <UnitTestResult executionId="4e5e3344-5f5a-4bad-9652-cb1b87a72b94" testId="3e0fa225-8d31-50ee-759b-1824c6c8b3bd" testName="WingedBean.Plugins.WebSocket.Tests.SuperSocketWebSocketServiceTests.Broadcast_ThrowsException_WhenNotStarted" computerName="Juis-Mac-mini" duration="00:00:00.0202581" startTime="2025-10-08T23:10:40.7062870+08:00" endTime="2025-10-08T23:10:40.7062950+08:00" testType="13cdc9d9-ddb5-4fa4-a97d-d965ccfc6d4b" outcome="Passed" testListId="8c84fa94-04c1-424b-9868-57a2d4851a1d" relativeResultsDirectory="4e5e3344-5f5a-4bad-9652-cb1b87a72b94" />
  </Results>
  <TestDefinitions>
    <UnitTest name="WingedBean.Plugins.WebSocket.Tests.SuperSocketWebSocketServiceTests.Broadcast_ThrowsException_WhenNotStarted" storage="/users/apprenticegc/work/lunar-horse/personal-work/yokan-projects/winged-bean/development/dotnet/console/tests/plugins/wingedbean.plugins.websocket.tests/bin/debug/net8.0/wingedbean.plugins.websocket.tests.dll" id="3e0fa225-8d31-50ee-759b-1824c6c8b3bd">
      <Execution id="4e5e3344-5f5a-4bad-9652-cb1b87a72b94" />
      <TestMethod codeBase="/Users/apprenticegc/Work/lunar-horse/personal-work/yokan-projects/winged-bean/development/dotnet/console/tests/plugins/WingedBean.Plugins.WebSocket.Tests/bin/Debug/net8.0/WingedBean.Plugins.WebSocket.Tests.dll" adapterTypeName="executor://xunit/VsTestRunner2/netcoreapp" className="WingedBean.Plugins.WebSocket.Tests.SuperSocketWebSocketServiceTests" name="Broadcast_ThrowsException_WhenNotStarted" />
    </UnitTest>
    <UnitTest name="WingedBean.Plugins.WebSocket.Tests.SuperSocketWebSocketServiceTests.SuperSocketWebSocketService_ImplementsIWebSocketService" storage="/users/apprenticegc/work/lunar-horse/personal-work/yokan-projects/winged-bean/development/dotnet/console/tests/plugins/wingedbean.plugins.websocket.tests/bin/debug/net8.0/wingedbean.plugins.websocket.tests.dll" id="336d0e80-ef96-912f-e178-e5d5e20f5b3b">
      <Execution id="46b93291-e7a4-4e6f-8fee-58bddff4a75f" />
      <TestMethod codeBase="/Users/apprenticegc/Work/lunar-horse/personal-work/yokan-projects/winged-bean/development/dotnet/console/tests/plugins/WingedBean.Plugins.WebSocket.Tests/bin/Debug/net8.0/WingedBean.Plugins.WebSocket.Tests.dll" adapterTypeName="executor://xunit/VsTestRunner2/netcoreapp" className="WingedBean.Plugins.WebSocket.Tests.SuperSocketWebSocketServiceTests" name="SuperSocketWebSocketService_ImplementsIWebSocketService" />
    </UnitTest>
    <UnitTest name="WingedBean.Plugins.WebSocket.Tests.SuperSocketWebSocketServiceTests.Start_ConfiguresServerWithPort" storage="/users/apprenticegc/work/lunar-horse/personal-work/yokan-projects/winged-bean/development/dotnet/console/tests/plugins/wingedbean.plugins.websocket.tests/bin/debug/net8.0/wingedbean.plugins.websocket.tests.dll" id="a0e0ed6c-0de8-5d9a-9df7-5164fef2c76a">
      <Execution id="fe2a2654-3c1a-4d9a-877e-6bee75a885b1" />
      <TestMethod codeBase="/Users/apprenticegc/Work/lunar-horse/personal-work/yokan-projects/winged-bean/development/dotnet/console/tests/plugins/WingedBean.Plugins.WebSocket.Tests/bin/Debug/net8.0/WingedBean.Plugins.WebSocket.Tests.dll" adapterTypeName="executor://xunit/VsTestRunner2/netcoreapp" className="WingedBean.Plugins.WebSocket.Tests.SuperSocketWebSocketServiceTests" name="Start_ConfiguresServerWithPort" />
    </UnitTest>
    <UnitTest name="WingedBean.Plugins.WebSocket.Tests.SuperSocketWebSocketServiceTests.MessageReceived_Event_CanBeSubscribed" storage="/users/apprenticegc/work/lunar-horse/personal-work/yokan-projects/winged-bean/development/dotnet/console/tests/plugins/wingedbean.plugins.websocket.tests/bin/debug/net8.0/wingedbean.plugins.websocket.tests.dll" id="552684f5-45be-6770-7429-247ed3d8e1fc">
      <Execution id="1d9b93b5-06ed-447e-84a9-4177891cb056" />
      <TestMethod codeBase="/Users/apprenticegc/Work/lunar-horse/personal-work/yokan-projects/winged-bean/development/dotnet/console/tests/plugins/WingedBean.Plugins.WebSocket.Tests/bin/Debug/net8.0/WingedBean.Plugins.WebSocket.Tests.dll" adapterTypeName="executor://xunit/VsTestRunner2/netcoreapp" className="WingedBean.Plugins.WebSocket.Tests.SuperSocketWebSocketServiceTests" name="MessageReceived_Event_CanBeSubscribed" />
    </UnitTest>
    <UnitTest name="WingedBean.Plugins.WebSocket.Tests.SuperSocketWebSocketServiceTests.Service_HasPluginAttribute" storage="/users/apprenticegc/work/lunar-horse/personal-work/yokan-projects/winged-bean/development/dotnet/console/tests/plugins/wingedbean.plugins.websocket.tests/bin/debug/net8.0/wingedbean.plugins.websocket.tests.dll" id="8e373dac-f74e-291f-ae22-703d0b30024f">
      <Execution id="47e52451-9091-4c27-9743-8b967c620387" />
      <TestMethod codeBase="/Users/apprenticegc/Work/lunar-horse/personal-work/yokan-projects/winged-bean/development/dotnet/console/tests/plugins/WingedBean.Plugins.WebSocket.Tests/bin/Debug/net8.0/WingedBean.Plugins.WebSocket.Tests.dll" adapterTypeName="executor://xunit/VsTestRunner2/netcoreapp" className="WingedBean.Plugins.WebSocket.Tests.SuperSocketWebSocketServiceTests" name="Service_HasPluginAttribute" />
    </UnitTest>
    <UnitTest name="WingedBean.Plugins.WebSocket.Tests.SuperSocketWebSocketServiceTests.Broadcast_DoesNotThrow_AfterStart" storage="/users/apprenticegc/work/lunar-horse/personal-work/yokan-projects/winged-bean/development/dotnet/console/tests/plugins/wingedbean.plugins.websocket.tests/bin/debug/net8.0/wingedbean.plugins.websocket.tests.dll" id="93b7f348-7f79-4c65-3880-be317f63f35c">
      <Execution id="ed555501-5c75-44e8-8b66-626ba17f8b69" />
      <TestMethod codeBase="/Users/apprenticegc/Work/lunar-horse/personal-work/yokan-projects/winged-bean/development/dotnet/console/tests/plugins/WingedBean.Plugins.WebSocket.Tests/bin/Debug/net8.0/WingedBean.Plugins.WebSocket.Tests.dll" adapterTypeName="executor://xunit/VsTestRunner2/netcoreapp" className="WingedBean.Plugins.WebSocket.Tests.SuperSocketWebSocketServiceTests" name="Broadcast_DoesNotThrow_AfterStart" />
    </UnitTest>
  </TestDefinitions>
  <TestEntries>
    <TestEntry testId="552684f5-45be-6770-7429-247ed3d8e1fc" executionId="1d9b93b5-06ed-447e-84a9-4177891cb056" testListId="8c84fa94-04c1-424b-9868-57a2d4851a1d" />
    <TestEntry testId="8e373dac-f74e-291f-ae22-703d0b30024f" executionId="47e52451-9091-4c27-9743-8b967c620387" testListId="8c84fa94-04c1-424b-9868-57a2d4851a1d" />
    <TestEntry testId="336d0e80-ef96-912f-e178-e5d5e20f5b3b" executionId="46b93291-e7a4-4e6f-8fee-58bddff4a75f" testListId="8c84fa94-04c1-424b-9868-57a2d4851a1d" />
    <TestEntry testId="a0e0ed6c-0de8-5d9a-9df7-5164fef2c76a" executionId="fe2a2654-3c1a-4d9a-877e-6bee75a885b1" testListId="8c84fa94-04c1-424b-9868-57a2d4851a1d" />
    <TestEntry testId="93b7f348-7f79-4c65-3880-be317f63f35c" executionId="ed555501-5c75-44e8-8b66-626ba17f8b69" testListId="8c84fa94-04c1-424b-9868-57a2d4851a1d" />
    <TestEntry testId="3e0fa225-8d31-50ee-759b-1824c6c8b3bd" executionId="4e5e3344-5f5a-4bad-9652-cb1b87a72b94" testListId="8c84fa94-04c1-424b-9868-57a2d4851a1d" />
  </TestEntries>
  <TestLists>
    <TestList name="Results Not in a List" id="8c84fa94-04c1-424b-9868-57a2d4851a1d" />
    <TestList name="All Loaded Results" id="19431567-8539-422a-85d7-44ee4e166bda" />
  </TestLists>
  <ResultSummary outcome="Completed">
    <Counters total="6" executed="6" passed="6" failed="0" error="0" timeout="0" aborted="0" inconclusive="0" passedButRunAborted="0" notRunnable="0" notExecuted="0" disconnected="0" warning="0" completed="0" inProgress="0" pending="0" />
    <Output>
      <StdOut>[xUnit.net 00:00:00.00] xUnit.net VSTest Adapter v2.8.2+699d445a1a (64-bit .NET 8.0.20)
[xUnit.net 00:00:00.12]   Discovering: WingedBean.Plugins.WebSocket.Tests
[xUnit.net 00:00:00.17]   Discovered:  WingedBean.Plugins.WebSocket.Tests
[xUnit.net 00:00:00.17]   Starting:    WingedBean.Plugins.WebSocket.Tests
WebSocket server started on port 4050
info: SuperSocketService[0]
      The listener [Ip=Any, Port=4050, Security=None, Path=, BackLog=0, NoDelay=False] has been started.
info: Microsoft.Hosting.Lifetime[0]
      Application started. Press Ctrl+C to shut down.
info: Microsoft.Hosting.Lifetime[0]
      Hosting environment: Production
info: Microsoft.Hosting.Lifetime[0]
      Content root path: /Users/apprenticegc/Work/lunar-horse/personal-work/yokan-projects/winged-bean/development/dotnet/console/tests/plugins/WingedBean.Plugins.WebSocket.Tests/bin/Debug/net8.0
WebSocket server started on port 4051
info: SuperSocketService[0]
      The listener [Ip=Any, Port=4051, Security=None, Path=, BackLog=0, NoDelay=False] has been started.
info: Microsoft.Hosting.Lifetime[0]
      Application started. Press Ctrl+C to shut down.
info: Microsoft.Hosting.Lifetime[0]
      Hosting environment: Production
info: Microsoft.Hosting.Lifetime[0]
      Content root path: /Users/apprenticegc/Work/lunar-horse/personal-work/yokan-projects/winged-bean/development/dotnet/console/tests/plugins/WingedBean.Plugins.WebSocket.Tests/bin/Debug/net8.0
[xUnit.net 00:00:02.63]   Finished:    WingedBean.Plugins.WebSocket.Tests
</StdOut>
    </Output>
  </ResultSummary>
</TestRun>
